{"/Users/alvian/Development/webpack/react/app-react-starter/src/index.js": {"path":"/Users/alvian/Development/webpack/react/app-react-starter/src/index.js","statementMap":{"0":{"start":{"line":1,"column":32},"end":{"line":1,"column":104}},"1":{"start":{"line":1,"column":118},"end":{"line":1,"column":134}},"2":{"start":{"line":1,"column":149},"end":{"line":1,"column":179}},"3":{"start":{"line":2,"column":16},"end":{"line":2,"column":36}},"4":{"start":{"line":3,"column":18},"end":{"line":3,"column":40}},"5":{"start":{"line":4,"column":22},"end":{"line":4,"column":49}},"6":{"start":{"line":5,"column":24},"end":{"line":5,"column":53}},"7":{"start":{"line":6,"column":13},"end":{"line":6,"column":31}},"8":{"start":{"line":6,"column":46},"end":{"line":6,"column":76}},"9":{"start":{"line":7,"column":29},"end":{"line":7,"column":63}},"10":{"start":{"line":7,"column":94},"end":{"line":7,"column":140}},"11":{"start":{"line":9,"column":13},"end":{"line":9,"column":31}},"12":{"start":{"line":9,"column":46},"end":{"line":9,"column":76}},"13":{"start":{"line":11,"column":0},"end":{"line":11,"column":23}},"14":{"start":{"line":11,"column":61},"end":{"line":11,"column":115}},"15":{"start":{"line":13,"column":0},"end":{"line":19,"column":33}},"16":{"start":{"line":22,"column":0},"end":{"line":22,"column":39}}},"fnMap":{"0":{"name":"_interopRequireDefault","decl":{"start":{"line":11,"column":32},"end":{"line":11,"column":54}},"loc":{"start":{"line":11,"column":60},"end":{"line":11,"column":116}},"line":11}},"branchMap":{"0":{"loc":{"start":{"line":11,"column":68},"end":{"line":11,"column":114}},"type":"cond-expr","locations":[{"start":{"line":11,"column":92},"end":{"line":11,"column":95}},{"start":{"line":11,"column":98},"end":{"line":11,"column":114}}],"line":11},"1":{"loc":{"start":{"line":11,"column":68},"end":{"line":11,"column":89}},"type":"binary-expr","locations":[{"start":{"line":11,"column":68},"end":{"line":11,"column":71}},{"start":{"line":11,"column":75},"end":{"line":11,"column":89}}],"line":11}},"s":{"0":0,"1":0,"2":0,"3":0,"4":0,"5":0,"6":0,"7":0,"8":0,"9":0,"10":0,"11":0,"12":0,"13":0,"14":0,"15":0,"16":0},"f":{"0":0},"b":{"0":[0,0],"1":[0,0]}}
,"/Users/alvian/Development/webpack/react/app-react-starter/src/registerServiceWorker.js": {"path":"/Users/alvian/Development/webpack/react/app-react-starter/src/registerServiceWorker.js","statementMap":{"0":{"start":{"line":1,"column":13},"end":{"line":1,"column":75}},"1":{"start":{"line":1,"column":75},"end":{"line":21,"column":9}},"2":{"start":{"line":21,"column":9},"end":{"line":102,"column":24}},"3":{"start":{"line":109,"column":20},"end":{"line":111,"column":89}},"4":{"start":{"line":111,"column":111},"end":{"line":117,"column":44}},"5":{"start":{"line":112,"column":22},"end":{"line":112,"column":70}},"6":{"start":{"line":112,"column":71},"end":{"line":115,"column":14}},"7":{"start":{"line":115,"column":6},"end":{"line":115,"column":13}},"8":{"start":{"line":115,"column":14},"end":{"line":117,"column":43}},"9":{"start":{"line":115,"column":67},"end":{"line":115,"column":112}},"10":{"start":{"line":115,"column":113},"end":{"line":117,"column":40}},"11":{"start":{"line":116,"column":8},"end":{"line":116,"column":31}},"12":{"start":{"line":117,"column":8},"end":{"line":117,"column":39}},"13":{"start":{"line":117,"column":78},"end":{"line":124,"column":156}},"14":{"start":{"line":117,"column":140},"end":{"line":124,"column":68}},"15":{"start":{"line":117,"column":201},"end":{"line":117,"column":224}},"16":{"start":{"line":117,"column":225},"end":{"line":124,"column":66}},"17":{"start":{"line":117,"column":265},"end":{"line":124,"column":64}},"18":{"start":{"line":117,"column":310},"end":{"line":124,"column":63}},"19":{"start":{"line":121,"column":12},"end":{"line":121,"column":69}},"20":{"start":{"line":124,"column":12},"end":{"line":124,"column":62}},"21":{"start":{"line":124,"column":87},"end":{"line":124,"column":153}},"22":{"start":{"line":125,"column":2},"end":{"line":128,"column":126}},"23":{"start":{"line":126,"column":4},"end":{"line":128,"column":30}},"24":{"start":{"line":127,"column":6},"end":{"line":127,"column":127}},"25":{"start":{"line":127,"column":58},"end":{"line":127,"column":124}},"26":{"start":{"line":127,"column":96},"end":{"line":127,"column":121}},"27":{"start":{"line":128,"column":6},"end":{"line":128,"column":29}},"28":{"start":{"line":128,"column":46},"end":{"line":128,"column":123}},"29":{"start":{"line":128,"column":150},"end":{"line":128,"column":267}},"30":{"start":{"line":128,"column":185},"end":{"line":128,"column":266}},"31":{"start":{"line":128,"column":237},"end":{"line":128,"column":263}}},"fnMap":{"0":{"name":"register","decl":{"start":{"line":111,"column":99},"end":{"line":111,"column":107}},"loc":{"start":{"line":111,"column":110},"end":{"line":117,"column":45}},"line":111},"1":{"name":"(anonymous_1)","decl":{"start":{"line":115,"column":46},"end":{"line":115,"column":47}},"loc":{"start":{"line":115,"column":52},"end":{"line":117,"column":41}},"line":115},"2":{"name":"registerValidSW","decl":{"start":{"line":117,"column":54},"end":{"line":117,"column":69}},"loc":{"start":{"line":117,"column":77},"end":{"line":124,"column":157}},"line":117},"3":{"name":"(anonymous_3)","decl":{"start":{"line":117,"column":123},"end":{"line":117,"column":124}},"loc":{"start":{"line":117,"column":139},"end":{"line":124,"column":69}},"line":117},"4":{"name":"(anonymous_4)","decl":{"start":{"line":117,"column":169},"end":{"line":117,"column":170}},"loc":{"start":{"line":117,"column":175},"end":{"line":124,"column":67}},"line":117},"5":{"name":"(anonymous_5)","decl":{"start":{"line":117,"column":258},"end":{"line":117,"column":259}},"loc":{"start":{"line":117,"column":264},"end":{"line":124,"column":65}},"line":117},"6":{"name":"(anonymous_6)","decl":{"start":{"line":124,"column":77},"end":{"line":124,"column":78}},"loc":{"start":{"line":124,"column":86},"end":{"line":124,"column":154}},"line":124},"7":{"name":"checkValidServiceWorker","decl":{"start":{"line":124,"column":166},"end":{"line":124,"column":189}},"loc":{"start":{"line":124,"column":197},"end":{"line":128,"column":127}},"line":124},"8":{"name":"(anonymous_8)","decl":{"start":{"line":125,"column":20},"end":{"line":125,"column":21}},"loc":{"start":{"line":125,"column":32},"end":{"line":128,"column":31}},"line":125},"9":{"name":"(anonymous_9)","decl":{"start":{"line":127,"column":41},"end":{"line":127,"column":42}},"loc":{"start":{"line":127,"column":57},"end":{"line":127,"column":125}},"line":127},"10":{"name":"(anonymous_10)","decl":{"start":{"line":127,"column":89},"end":{"line":127,"column":90}},"loc":{"start":{"line":127,"column":95},"end":{"line":127,"column":122}},"line":127},"11":{"name":"(anonymous_11)","decl":{"start":{"line":128,"column":39},"end":{"line":128,"column":40}},"loc":{"start":{"line":128,"column":45},"end":{"line":128,"column":124}},"line":128},"12":{"name":"unregister","decl":{"start":{"line":128,"column":136},"end":{"line":128,"column":146}},"loc":{"start":{"line":128,"column":149},"end":{"line":128,"column":268}},"line":128},"13":{"name":"(anonymous_13)","decl":{"start":{"line":128,"column":220},"end":{"line":128,"column":221}},"loc":{"start":{"line":128,"column":236},"end":{"line":128,"column":264}},"line":128}},"branchMap":{"0":{"loc":{"start":{"line":109,"column":28},"end":{"line":111,"column":88}},"type":"binary-expr","locations":[{"start":{"line":109,"column":28},"end":{"line":109,"column":68}},{"start":{"line":110,"column":0},"end":{"line":110,"column":36}},{"start":{"line":111,"column":0},"end":{"line":111,"column":88}}],"line":109},"1":{"loc":{"start":{"line":111,"column":111},"end":{"line":117,"column":44}},"type":"if","locations":[{"start":{"line":111,"column":111},"end":{"line":117,"column":44}},{"start":{"line":111,"column":111},"end":{"line":117,"column":44}}],"line":111},"2":{"loc":{"start":{"line":111,"column":115},"end":{"line":111,"column":184}},"type":"binary-expr","locations":[{"start":{"line":111,"column":115},"end":{"line":111,"column":152}},{"start":{"line":111,"column":156},"end":{"line":111,"column":184}}],"line":111},"3":{"loc":{"start":{"line":112,"column":71},"end":{"line":115,"column":14}},"type":"if","locations":[{"start":{"line":112,"column":71},"end":{"line":115,"column":14}},{"start":{"line":112,"column":71},"end":{"line":115,"column":14}}],"line":112},"4":{"loc":{"start":{"line":115,"column":113},"end":{"line":117,"column":40}},"type":"if","locations":[{"start":{"line":115,"column":113},"end":{"line":117,"column":40}},{"start":{"line":115,"column":113},"end":{"line":117,"column":40}}],"line":115},"5":{"loc":{"start":{"line":117,"column":265},"end":{"line":124,"column":64}},"type":"if","locations":[{"start":{"line":117,"column":265},"end":{"line":124,"column":64}},{"start":{"line":117,"column":265},"end":{"line":124,"column":64}}],"line":117},"6":{"loc":{"start":{"line":117,"column":310},"end":{"line":124,"column":63}},"type":"if","locations":[{"start":{"line":117,"column":310},"end":{"line":124,"column":63}},{"start":{"line":117,"column":310},"end":{"line":124,"column":63}}],"line":117},"7":{"loc":{"start":{"line":126,"column":4},"end":{"line":128,"column":30}},"type":"if","locations":[{"start":{"line":126,"column":4},"end":{"line":128,"column":30}},{"start":{"line":126,"column":4},"end":{"line":128,"column":30}}],"line":126},"8":{"loc":{"start":{"line":126,"column":8},"end":{"line":126,"column":100}},"type":"binary-expr","locations":[{"start":{"line":126,"column":8},"end":{"line":126,"column":31}},{"start":{"line":126,"column":35},"end":{"line":126,"column":100}}],"line":126},"9":{"loc":{"start":{"line":128,"column":150},"end":{"line":128,"column":267}},"type":"if","locations":[{"start":{"line":128,"column":150},"end":{"line":128,"column":267}},{"start":{"line":128,"column":150},"end":{"line":128,"column":267}}],"line":128}},"s":{"0":0,"1":0,"2":0,"3":0,"4":0,"5":0,"6":0,"7":0,"8":0,"9":0,"10":0,"11":0,"12":0,"13":0,"14":0,"15":0,"16":0,"17":0,"18":0,"19":0,"20":0,"21":0,"22":0,"23":0,"24":0,"25":0,"26":0,"27":0,"28":0,"29":0,"30":0,"31":0},"f":{"0":0,"1":0,"2":0,"3":0,"4":0,"5":0,"6":0,"7":0,"8":0,"9":0,"10":0,"11":0,"12":0,"13":0},"b":{"0":[0,0,0],"1":[0,0],"2":[0,0],"3":[0,0],"4":[0,0],"5":[0,0],"6":[0,0],"7":[0,0],"8":[0,0],"9":[0,0]}}
,"/Users/alvian/Development/webpack/react/app-react-starter/src/setupTests.js": {"path":"/Users/alvian/Development/webpack/react/app-react-starter/src/setupTests.js","statementMap":{"0":{"start":{"line":6,"column":0},"end":{"line":6,"column":38}}},"fnMap":{},"branchMap":{},"s":{"0":5},"f":{},"b":{},"_coverageSchema":"332fd63041d2c1bcb487cc26dd0d5f7d97098a6c","hash":"4c8601ea4e912849b8a71bc336b66ad690c005bf"}
,"/Users/alvian/Development/webpack/react/app-react-starter/src/store.js": {"path":"/Users/alvian/Development/webpack/react/app-react-starter/src/store.js","statementMap":{"0":{"start":{"line":9,"column":21},"end":{"line":12,"column":1}},"1":{"start":{"line":9,"column":32},"end":{"line":12,"column":1}},"2":{"start":{"line":9,"column":42},"end":{"line":12,"column":1}},"3":{"start":{"line":11,"column":2},"end":{"line":11,"column":14}},"4":{"start":{"line":14,"column":23},"end":{"line":14,"column":38}},"5":{"start":{"line":16,"column":19},"end":{"line":21,"column":1}},"6":{"start":{"line":23,"column":17},"end":{"line":27,"column":1}},"7":{"start":{"line":29,"column":19},"end":{"line":29,"column":81}},"8":{"start":{"line":31,"column":14},"end":{"line":36,"column":1}}},"fnMap":{"0":{"name":"(anonymous_0)","decl":{"start":{"line":9,"column":21},"end":{"line":9,"column":22}},"loc":{"start":{"line":9,"column":32},"end":{"line":12,"column":1}},"line":9},"1":{"name":"(anonymous_1)","decl":{"start":{"line":9,"column":32},"end":{"line":9,"column":33}},"loc":{"start":{"line":9,"column":42},"end":{"line":12,"column":1}},"line":9},"2":{"name":"(anonymous_2)","decl":{"start":{"line":9,"column":42},"end":{"line":9,"column":43}},"loc":{"start":{"line":9,"column":54},"end":{"line":12,"column":1}},"line":9}},"branchMap":{"0":{"loc":{"start":{"line":29,"column":19},"end":{"line":29,"column":81}},"type":"cond-expr","locations":[{"start":{"line":29,"column":60},"end":{"line":29,"column":70}},{"start":{"line":29,"column":73},"end":{"line":29,"column":81}}],"line":29},"1":{"loc":{"start":{"line":33,"column":3},"end":{"line":35,"column":32}},"type":"cond-expr","locations":[{"start":{"line":34,"column":2},"end":{"line":34,"column":53}},{"start":{"line":35,"column":2},"end":{"line":35,"column":32}}],"line":33}},"s":{"0":4,"1":4,"2":4,"3":6,"4":4,"5":4,"6":4,"7":4,"8":4},"f":{"0":4,"1":4,"2":6},"b":{"0":[0,4],"1":[0,4]},"_coverageSchema":"332fd63041d2c1bcb487cc26dd0d5f7d97098a6c","hash":"812961f13ad2fa6d44148e67ae9401508e6e68e1"}
,"/Users/alvian/Development/webpack/react/app-react-starter/src/config/index.js": {"path":"/Users/alvian/Development/webpack/react/app-react-starter/src/config/index.js","statementMap":{},"fnMap":{},"branchMap":{"0":{"loc":{"start":{"line":11,"column":13},"end":{"line":11,"column":111}},"type":"cond-expr","locations":[{"start":{"line":11,"column":54},"end":{"line":11,"column":77}},{"start":{"line":11,"column":80},"end":{"line":11,"column":111}}],"line":11}},"s":{},"f":{},"b":{"0":[0,1]},"_coverageSchema":"332fd63041d2c1bcb487cc26dd0d5f7d97098a6c","hash":"7f9281e77924529d564da33f239b7998fd3f19b8"}
,"/Users/alvian/Development/webpack/react/app-react-starter/src/modules/index.js": {"path":"/Users/alvian/Development/webpack/react/app-react-starter/src/modules/index.js","statementMap":{},"fnMap":{},"branchMap":{},"s":{},"f":{},"b":{},"_coverageSchema":"332fd63041d2c1bcb487cc26dd0d5f7d97098a6c","hash":"0b8ad61e7461abb13bd0d735b8c596652b6bd43a"}
,"/Users/alvian/Development/webpack/react/app-react-starter/src/modules/App/actions.js": {"path":"/Users/alvian/Development/webpack/react/app-react-starter/src/modules/App/actions.js","statementMap":{"0":{"start":{"line":5,"column":24},"end":{"line":29,"column":1}},"1":{"start":{"line":6,"column":2},"end":{"line":28,"column":3}},"2":{"start":{"line":7,"column":4},"end":{"line":7,"column":56}},"3":{"start":{"line":8,"column":4},"end":{"line":27,"column":5}},"4":{"start":{"line":10,"column":8},"end":{"line":24,"column":16}},"5":{"start":{"line":11,"column":24},"end":{"line":18,"column":11}},"6":{"start":{"line":19,"column":10},"end":{"line":22,"column":12}},"7":{"start":{"line":23,"column":10},"end":{"line":23,"column":19}}},"fnMap":{"0":{"name":"(anonymous_0)","decl":{"start":{"line":5,"column":24},"end":{"line":5,"column":25}},"loc":{"start":{"line":5,"column":39},"end":{"line":29,"column":1}},"line":5},"1":{"name":"(anonymous_1)","decl":{"start":{"line":6,"column":9},"end":{"line":6,"column":10}},"loc":{"start":{"line":6,"column":21},"end":{"line":28,"column":3}},"line":6},"2":{"name":"(anonymous_2)","decl":{"start":{"line":9,"column":6},"end":{"line":9,"column":7}},"loc":{"start":{"line":9,"column":17},"end":{"line":25,"column":7}},"line":9},"3":{"name":"(anonymous_3)","decl":{"start":{"line":10,"column":19},"end":{"line":10,"column":20}},"loc":{"start":{"line":10,"column":25},"end":{"line":24,"column":9}},"line":10},"4":{"name":"(anonymous_4)","decl":{"start":{"line":26,"column":6},"end":{"line":26,"column":7}},"loc":{"start":{"line":26,"column":16},"end":{"line":26,"column":18}},"line":26}},"branchMap":{"0":{"loc":{"start":{"line":5,"column":25},"end":{"line":5,"column":34}},"type":"default-arg","locations":[{"start":{"line":5,"column":32},"end":{"line":5,"column":34}}],"line":5}},"s":{"0":2,"1":2,"2":2,"3":2,"4":2,"5":1,"6":1,"7":1},"f":{"0":2,"1":2,"2":2,"3":1,"4":0},"b":{"0":[1]},"_coverageSchema":"332fd63041d2c1bcb487cc26dd0d5f7d97098a6c","hash":"49aa3fbb2b113a8fd7a9f5d5e0cb4dfc3e163162"}
,"/Users/alvian/Development/webpack/react/app-react-starter/src/modules/App/index.js": {"path":"/Users/alvian/Development/webpack/react/app-react-starter/src/modules/App/index.js","statementMap":{"0":{"start":{"line":6,"column":28},"end":{"line":8,"column":1}},"1":{"start":{"line":11,"column":2},"end":{"line":19,"column":3}},"2":{"start":{"line":13,"column":6},"end":{"line":16,"column":7}},"3":{"start":{"line":18,"column":6},"end":{"line":18,"column":18}}},"fnMap":{"0":{"name":"(anonymous_0)","decl":{"start":{"line":10,"column":15},"end":{"line":10,"column":16}},"loc":{"start":{"line":10,"column":49},"end":{"line":20,"column":1}},"line":10}},"branchMap":{"0":{"loc":{"start":{"line":10,"column":16},"end":{"line":10,"column":36}},"type":"default-arg","locations":[{"start":{"line":10,"column":24},"end":{"line":10,"column":36}}],"line":10},"1":{"loc":{"start":{"line":11,"column":2},"end":{"line":19,"column":3}},"type":"switch","locations":[{"start":{"line":12,"column":4},"end":{"line":16,"column":7}},{"start":{"line":17,"column":4},"end":{"line":18,"column":18}}],"line":11}},"s":{"0":4,"1":18,"2":3,"3":15},"f":{"0":18},"b":{"0":[12],"1":[3,15]},"_coverageSchema":"332fd63041d2c1bcb487cc26dd0d5f7d97098a6c","hash":"4a6313f0ac0424edd5116d0ef5d2fb1eecd130d4"}
,"/Users/alvian/Development/webpack/react/app-react-starter/src/modules/App/types.js": {"path":"/Users/alvian/Development/webpack/react/app-react-starter/src/modules/App/types.js","statementMap":{"0":{"start":{"line":4,"column":25},"end":{"line":4,"column":40}}},"fnMap":{},"branchMap":{},"s":{"0":4},"f":{},"b":{},"_coverageSchema":"332fd63041d2c1bcb487cc26dd0d5f7d97098a6c","hash":"3f3ac7aeb667d6a4afd427cea18fc690008fdb2f"}
,"/Users/alvian/Development/webpack/react/app-react-starter/src/pages/index.js": {"path":"/Users/alvian/Development/webpack/react/app-react-starter/src/pages/index.js","statementMap":{"0":{"start":{"line":1,"column":13},"end":{"line":1,"column":75}},"1":{"start":{"line":1,"column":94},"end":{"line":1,"column":172}},"2":{"start":{"line":1,"column":186},"end":{"line":1,"column":202}},"3":{"start":{"line":1,"column":217},"end":{"line":1,"column":247}},"4":{"start":{"line":2,"column":22},"end":{"line":2,"column":49}},"5":{"start":{"line":4,"column":18},"end":{"line":4,"column":49}},"6":{"start":{"line":5,"column":12},"end":{"line":5,"column":29}},"7":{"start":{"line":5,"column":43},"end":{"line":5,"column":72}},"8":{"start":{"line":6,"column":13},"end":{"line":6,"column":31}},"9":{"start":{"line":6,"column":46},"end":{"line":6,"column":76}},"10":{"start":{"line":7,"column":8},"end":{"line":7,"column":24}},"11":{"start":{"line":7,"column":34},"end":{"line":7,"column":59}},"12":{"start":{"line":7,"column":98},"end":{"line":7,"column":152}},"13":{"start":{"line":7,"column":153},"end":{"line":31,"column":203}},"14":{"start":{"line":10,"column":0},"end":{"line":31,"column":202}},"15":{"start":{"line":12,"column":4},"end":{"line":15,"column":129}},"16":{"start":{"line":20,"column":4},"end":{"line":23,"column":130}},"17":{"start":{"line":28,"column":4},"end":{"line":31,"column":125}}},"fnMap":{"0":{"name":"_interopRequireDefault","decl":{"start":{"line":7,"column":69},"end":{"line":7,"column":91}},"loc":{"start":{"line":7,"column":97},"end":{"line":7,"column":153}},"line":7},"1":{"name":"(anonymous_1)","decl":{"start":{"line":9,"column":0},"end":{"line":9,"column":1}},"loc":{"start":{"line":10,"column":0},"end":{"line":31,"column":202}},"line":10},"2":{"name":"(anonymous_2)","decl":{"start":{"line":11,"column":89},"end":{"line":11,"column":90}},"loc":{"start":{"line":12,"column":4},"end":{"line":15,"column":129}},"line":12},"3":{"name":"(anonymous_3)","decl":{"start":{"line":19,"column":81},"end":{"line":19,"column":82}},"loc":{"start":{"line":20,"column":4},"end":{"line":23,"column":130}},"line":20},"4":{"name":"(anonymous_4)","decl":{"start":{"line":27,"column":65},"end":{"line":27,"column":66}},"loc":{"start":{"line":28,"column":4},"end":{"line":31,"column":125}},"line":28}},"branchMap":{"0":{"loc":{"start":{"line":7,"column":105},"end":{"line":7,"column":151}},"type":"cond-expr","locations":[{"start":{"line":7,"column":129},"end":{"line":7,"column":132}},{"start":{"line":7,"column":135},"end":{"line":7,"column":151}}],"line":7},"1":{"loc":{"start":{"line":7,"column":105},"end":{"line":7,"column":126}},"type":"binary-expr","locations":[{"start":{"line":7,"column":105},"end":{"line":7,"column":108}},{"start":{"line":7,"column":112},"end":{"line":7,"column":126}}],"line":7}},"s":{"0":0,"1":0,"2":0,"3":0,"4":0,"5":0,"6":0,"7":0,"8":0,"9":0,"10":0,"11":0,"12":0,"13":0,"14":0,"15":0,"16":0,"17":0},"f":{"0":0,"1":0,"2":0,"3":0,"4":0},"b":{"0":[0,0],"1":[0,0]}}
,"/Users/alvian/Development/webpack/react/app-react-starter/src/pages/404/index.js": {"path":"/Users/alvian/Development/webpack/react/app-react-starter/src/pages/404/index.js","statementMap":{"0":{"start":{"line":5,"column":2},"end":{"line":8,"column":8}}},"fnMap":{"0":{"name":"(anonymous_0)","decl":{"start":{"line":4,"column":15},"end":{"line":4,"column":16}},"loc":{"start":{"line":5,"column":2},"end":{"line":8,"column":8}},"line":5}},"branchMap":{},"s":{"0":1},"f":{"0":1},"b":{},"_coverageSchema":"332fd63041d2c1bcb487cc26dd0d5f7d97098a6c","hash":"0f62b0f3831209f759abd6f708fd3d14d3baff51"}
,"/Users/alvian/Development/webpack/react/app-react-starter/src/pages/About/index.js": {"path":"/Users/alvian/Development/webpack/react/app-react-starter/src/pages/About/index.js","statementMap":{"0":{"start":{"line":9,"column":12},"end":{"line":9,"column":24}},"1":{"start":{"line":10,"column":14},"end":{"line":10,"column":47}},"2":{"start":{"line":18,"column":4},"end":{"line":18,"column":17}},"3":{"start":{"line":19,"column":4},"end":{"line":21,"column":6}},"4":{"start":{"line":25,"column":4},"end":{"line":39,"column":6}}},"fnMap":{"0":{"name":"(anonymous_0)","decl":{"start":{"line":9,"column":2},"end":{"line":9,"column":3}},"loc":{"start":{"line":9,"column":12},"end":{"line":9,"column":24}},"line":9},"1":{"name":"(anonymous_1)","decl":{"start":{"line":10,"column":2},"end":{"line":10,"column":3}},"loc":{"start":{"line":10,"column":14},"end":{"line":10,"column":47}},"line":10},"2":{"name":"(anonymous_2)","decl":{"start":{"line":17,"column":2},"end":{"line":17,"column":3}},"loc":{"start":{"line":17,"column":21},"end":{"line":22,"column":3}},"line":17},"3":{"name":"(anonymous_3)","decl":{"start":{"line":24,"column":2},"end":{"line":24,"column":3}},"loc":{"start":{"line":24,"column":11},"end":{"line":40,"column":3}},"line":24}},"branchMap":{},"s":{"0":1,"1":1,"2":1,"3":1,"4":1},"f":{"0":1,"1":1,"2":1,"3":1},"b":{},"_coverageSchema":"332fd63041d2c1bcb487cc26dd0d5f7d97098a6c","hash":"136de9ed7b7908023737575413a4629fa8548be9"}
,"/Users/alvian/Development/webpack/react/app-react-starter/src/pages/Home/index.js": {"path":"/Users/alvian/Development/webpack/react/app-react-starter/src/pages/Home/index.js","statementMap":{"0":{"start":{"line":10,"column":12},"end":{"line":10,"column":24}},"1":{"start":{"line":11,"column":14},"end":{"line":11,"column":56}},"2":{"start":{"line":19,"column":4},"end":{"line":19,"column":17}},"3":{"start":{"line":20,"column":4},"end":{"line":24,"column":5}},"4":{"start":{"line":21,"column":6},"end":{"line":23,"column":7}},"5":{"start":{"line":25,"column":4},"end":{"line":27,"column":6}},"6":{"start":{"line":31,"column":4},"end":{"line":45,"column":6}}},"fnMap":{"0":{"name":"(anonymous_0)","decl":{"start":{"line":10,"column":2},"end":{"line":10,"column":3}},"loc":{"start":{"line":10,"column":12},"end":{"line":10,"column":24}},"line":10},"1":{"name":"(anonymous_1)","decl":{"start":{"line":11,"column":2},"end":{"line":11,"column":3}},"loc":{"start":{"line":11,"column":14},"end":{"line":11,"column":56}},"line":11},"2":{"name":"(anonymous_2)","decl":{"start":{"line":18,"column":2},"end":{"line":18,"column":3}},"loc":{"start":{"line":18,"column":21},"end":{"line":28,"column":3}},"line":18},"3":{"name":"(anonymous_3)","decl":{"start":{"line":22,"column":8},"end":{"line":22,"column":9}},"loc":{"start":{"line":22,"column":14},"end":{"line":22,"column":16}},"line":22},"4":{"name":"(anonymous_4)","decl":{"start":{"line":30,"column":2},"end":{"line":30,"column":3}},"loc":{"start":{"line":30,"column":11},"end":{"line":46,"column":3}},"line":30}},"branchMap":{"0":{"loc":{"start":{"line":20,"column":4},"end":{"line":24,"column":5}},"type":"if","locations":[{"start":{"line":20,"column":4},"end":{"line":24,"column":5}},{"start":{"line":20,"column":4},"end":{"line":24,"column":5}}],"line":20}},"s":{"0":2,"1":1,"2":1,"3":1,"4":1,"5":1,"6":2},"f":{"0":2,"1":1,"2":1,"3":0,"4":2},"b":{"0":[1,0]},"_coverageSchema":"332fd63041d2c1bcb487cc26dd0d5f7d97098a6c","hash":"ca54c29b72f3180119e1b73e3c7f861c6594e77b"}
,"/Users/alvian/Development/webpack/react/app-react-starter/src/shared/components/index.js": {"path":"/Users/alvian/Development/webpack/react/app-react-starter/src/shared/components/index.js","statementMap":{"0":{"start":{"line":1,"column":13},"end":{"line":1,"column":75}},"1":{"start":{"line":1,"column":75},"end":{"line":1,"column":100}},"2":{"start":{"line":1,"column":112},"end":{"line":1,"column":129}},"3":{"start":{"line":1,"column":143},"end":{"line":1,"column":172}},"4":{"start":{"line":1,"column":211},"end":{"line":1,"column":265}},"5":{"start":{"line":1,"column":266},"end":{"line":4,"column":22}}},"fnMap":{"0":{"name":"_interopRequireDefault","decl":{"start":{"line":1,"column":182},"end":{"line":1,"column":204}},"loc":{"start":{"line":1,"column":210},"end":{"line":1,"column":266}},"line":1}},"branchMap":{"0":{"loc":{"start":{"line":1,"column":218},"end":{"line":1,"column":264}},"type":"cond-expr","locations":[{"start":{"line":1,"column":242},"end":{"line":1,"column":245}},{"start":{"line":1,"column":248},"end":{"line":1,"column":264}}],"line":1},"1":{"loc":{"start":{"line":1,"column":218},"end":{"line":1,"column":239}},"type":"binary-expr","locations":[{"start":{"line":1,"column":218},"end":{"line":1,"column":221}},{"start":{"line":1,"column":225},"end":{"line":1,"column":239}}],"line":1}},"s":{"0":0,"1":0,"2":0,"3":0,"4":0,"5":0},"f":{"0":0},"b":{"0":[0,0],"1":[0,0]}}
,"/Users/alvian/Development/webpack/react/app-react-starter/src/shared/components/Meta/index.js": {"path":"/Users/alvian/Development/webpack/react/app-react-starter/src/shared/components/Meta/index.js","statementMap":{"0":{"start":{"line":6,"column":19},"end":{"line":6,"column":37}},"1":{"start":{"line":7,"column":21},"end":{"line":7,"column":46}},"2":{"start":{"line":8,"column":27},"end":{"line":8,"column":56}},"3":{"start":{"line":9,"column":21},"end":{"line":9,"column":52}},"4":{"start":{"line":10,"column":23},"end":{"line":10,"column":42}},"5":{"start":{"line":11,"column":19},"end":{"line":11,"column":46}},"6":{"start":{"line":29,"column":21},"end":{"line":31,"column":20}},"7":{"start":{"line":32,"column":27},"end":{"line":34,"column":26}},"8":{"start":{"line":35,"column":21},"end":{"line":35,"column":49}},"9":{"start":{"line":37,"column":21},"end":{"line":55,"column":5}},"10":{"start":{"line":57,"column":4},"end":{"line":59,"column":5}},"11":{"start":{"line":58,"column":6},"end":{"line":58,"column":70}},"12":{"start":{"line":61,"column":4},"end":{"line":63,"column":5}},"13":{"start":{"line":62,"column":6},"end":{"line":62,"column":76}},"14":{"start":{"line":64,"column":4},"end":{"line":66,"column":5}},"15":{"start":{"line":65,"column":6},"end":{"line":65,"column":73}},"16":{"start":{"line":67,"column":4},"end":{"line":69,"column":5}},"17":{"start":{"line":68,"column":6},"end":{"line":68,"column":68}},"18":{"start":{"line":70,"column":4},"end":{"line":72,"column":5}},"19":{"start":{"line":71,"column":6},"end":{"line":71,"column":60}},"20":{"start":{"line":74,"column":4},"end":{"line":74,"column":20}},"21":{"start":{"line":78,"column":49},"end":{"line":78,"column":59}},"22":{"start":{"line":80,"column":4},"end":{"line":101,"column":6}}},"fnMap":{"0":{"name":"(anonymous_0)","decl":{"start":{"line":14,"column":2},"end":{"line":14,"column":3}},"loc":{"start":{"line":28,"column":4},"end":{"line":75,"column":3}},"line":28},"1":{"name":"(anonymous_1)","decl":{"start":{"line":77,"column":2},"end":{"line":77,"column":3}},"loc":{"start":{"line":77,"column":11},"end":{"line":102,"column":3}},"line":77}},"branchMap":{"0":{"loc":{"start":{"line":29,"column":21},"end":{"line":31,"column":20}},"type":"cond-expr","locations":[{"start":{"line":30,"column":8},"end":{"line":30,"column":60}},{"start":{"line":31,"column":8},"end":{"line":31,"column":20}}],"line":29},"1":{"loc":{"start":{"line":32,"column":27},"end":{"line":34,"column":26}},"type":"cond-expr","locations":[{"start":{"line":33,"column":8},"end":{"line":33,"column":37}},{"start":{"line":34,"column":8},"end":{"line":34,"column":26}}],"line":32},"2":{"loc":{"start":{"line":35,"column":21},"end":{"line":35,"column":49}},"type":"cond-expr","locations":[{"start":{"line":35,"column":29},"end":{"line":35,"column":34}},{"start":{"line":35,"column":37},"end":{"line":35,"column":49}}],"line":35},"3":{"loc":{"start":{"line":46,"column":42},"end":{"line":46,"column":67}},"type":"binary-expr","locations":[{"start":{"line":46,"column":42},"end":{"line":46,"column":49}},{"start":{"line":46,"column":53},"end":{"line":46,"column":67}}],"line":46},"4":{"loc":{"start":{"line":49,"column":38},"end":{"line":49,"column":62}},"type":"binary-expr","locations":[{"start":{"line":49,"column":38},"end":{"line":49,"column":49}},{"start":{"line":49,"column":53},"end":{"line":49,"column":62}}],"line":49},"5":{"loc":{"start":{"line":57,"column":4},"end":{"line":59,"column":5}},"type":"if","locations":[{"start":{"line":57,"column":4},"end":{"line":59,"column":5}},{"start":{"line":57,"column":4},"end":{"line":59,"column":5}}],"line":57},"6":{"loc":{"start":{"line":61,"column":4},"end":{"line":63,"column":5}},"type":"if","locations":[{"start":{"line":61,"column":4},"end":{"line":63,"column":5}},{"start":{"line":61,"column":4},"end":{"line":63,"column":5}}],"line":61},"7":{"loc":{"start":{"line":64,"column":4},"end":{"line":66,"column":5}},"type":"if","locations":[{"start":{"line":64,"column":4},"end":{"line":66,"column":5}},{"start":{"line":64,"column":4},"end":{"line":66,"column":5}}],"line":64},"8":{"loc":{"start":{"line":67,"column":4},"end":{"line":69,"column":5}},"type":"if","locations":[{"start":{"line":67,"column":4},"end":{"line":69,"column":5}},{"start":{"line":67,"column":4},"end":{"line":69,"column":5}}],"line":67},"9":{"loc":{"start":{"line":70,"column":4},"end":{"line":72,"column":5}},"type":"if","locations":[{"start":{"line":70,"column":4},"end":{"line":72,"column":5}},{"start":{"line":70,"column":4},"end":{"line":72,"column":5}}],"line":70},"10":{"loc":{"start":{"line":86,"column":43},"end":{"line":86,"column":67}},"type":"binary-expr","locations":[{"start":{"line":86,"column":43},"end":{"line":86,"column":54}},{"start":{"line":86,"column":58},"end":{"line":86,"column":67}}],"line":86},"11":{"loc":{"start":{"line":89,"column":12},"end":{"line":89,"column":78}},"type":"cond-expr","locations":[{"start":{"line":89,"column":25},"end":{"line":89,"column":63}},{"start":{"line":89,"column":66},"end":{"line":89,"column":78}}],"line":89}},"s":{"0":1,"1":1,"2":1,"3":1,"4":1,"5":1,"6":1,"7":1,"8":1,"9":1,"10":1,"11":0,"12":1,"13":0,"14":1,"15":0,"16":1,"17":0,"18":1,"19":0,"20":1,"21":1,"22":1},"f":{"0":1,"1":1},"b":{"0":[1,0],"1":[0,1],"2":[0,1],"3":[1,1],"4":[1,1],"5":[0,1],"6":[0,1],"7":[0,1],"8":[0,1],"9":[0,1],"10":[1,1],"11":[1,0]},"_coverageSchema":"332fd63041d2c1bcb487cc26dd0d5f7d97098a6c","hash":"5c228dff1630d625c84319bcb100c8a6d7e92478"}
,"/Users/alvian/Development/webpack/react/app-react-starter/src/shared/utils/index.js": {"path":"/Users/alvian/Development/webpack/react/app-react-starter/src/shared/utils/index.js","statementMap":{},"fnMap":{},"branchMap":{},"s":{},"f":{},"b":{},"_coverageSchema":"332fd63041d2c1bcb487cc26dd0d5f7d97098a6c","hash":"aec6f2f3b2177ee0e4e604c2e6b707ef60b99153"}
,"/Users/alvian/Development/webpack/react/app-react-starter/src/shared/utils/MockProvider/index.js": {"path":"/Users/alvian/Development/webpack/react/app-react-starter/src/shared/utils/MockProvider/index.js","statementMap":{"0":{"start":{"line":8,"column":2},"end":{"line":14,"column":3}}},"fnMap":{"0":{"name":"(anonymous_0)","decl":{"start":{"line":7,"column":15},"end":{"line":7,"column":16}},"loc":{"start":{"line":7,"column":34},"end":{"line":15,"column":1}},"line":7}},"branchMap":{},"s":{"0":3},"f":{"0":3},"b":{},"_coverageSchema":"332fd63041d2c1bcb487cc26dd0d5f7d97098a6c","hash":"6e9053bbd36e0b4ff1db83fa34d2275ddb24845e"}
}
